<?xml version="1.0" encoding="UTF-8"?>
<!-- Generated by org.testng.reporters.JUnitReportReporter -->
<testsuite hostname="LenovoNew12" failures="0" tests="1" name="com.example.testcases.AddToCart_T01" time="2.786" errors="0" timestamp="2024-12-06T19:11:50 IST" skipped="0">
  <testcase classname="com.example.testcases.AddToCart_T01" name="ecommerceTest" time="2.786"/>
  <system-out/>
</testsuite> <!-- com.example.testcases.AddToCart_T01 -->
